<?xml version="1.0" encoding="UTF-8"?>
<!-- Generated by org.testng.reporters.JUnitXMLReporter -->
<testsuite hostname="LTB0206672-MAC.local" ignored="0" name="Test" tests="3" failures="0" timestamp="06 Jul 2019 08:03:42 GMT" time="65.761" errors="0">
  <testcase name="shouldBeAbleToSearchForHotels" time="25.549" classname="Tests.HotelBookingTest"/>
  <testcase name="testThatResultsAppearForAOneWayJourney" time="25.889" classname="Tests.FlightBookingTest"/>
  <testcase name="shouldThrowAnErrorIfSignInDetailsAreMissing" time="14.275" classname="Tests.SignInTest"/>
</testsuite> <!-- Test -->
