<?xml version="1.0" encoding="UTF-8"?>
<testng-results skipped="0" failed="0" ignored="0" total="1" passed="1">
  <reporter-output>
  </reporter-output>
  <suite name="Default suite" duration-ms="13364" started-at="2019-07-06T07:57:35Z" finished-at="2019-07-06T07:57:49Z">
    <groups>
    </groups>
    <test name="Default test" duration-ms="13364" started-at="2019-07-06T07:57:35Z" finished-at="2019-07-06T07:57:49Z">
      <class name="Tests.SignInTest">
        <test-method status="PASS" signature="shouldThrowAnErrorIfSignInDetailsAreMissing()[pri:0, instance:Tests.SignInTest@1593948d]" name="shouldThrowAnErrorIfSignInDetailsAreMissing" duration-ms="13350" started-at="2019-07-06T13:27:35Z" finished-at="2019-07-06T13:27:49Z">
          <reporter-output>
          </reporter-output>
        </test-method> <!-- shouldThrowAnErrorIfSignInDetailsAreMissing -->
      </class> <!-- Tests.SignInTest -->
    </test> <!-- Default test -->
  </suite> <!-- Default suite -->
</testng-results>
