<?xml version="1.0" encoding="UTF-8"?>
<testng-results skipped="0" failed="0" ignored="0" total="1" passed="1">
  <reporter-output>
  </reporter-output>
  <suite name="Default suite" duration-ms="16469" started-at="2019-07-06T17:57:35Z" finished-at="2019-07-06T17:57:52Z">
    <groups>
    </groups>
    <test name="Default test" duration-ms="16469" started-at="2019-07-06T17:57:35Z" finished-at="2019-07-06T17:57:52Z">
      <class name="tests.SignInTest">
        <test-method status="PASS" signature="shouldThrowAnErrorIfSignInDetailsAreMissing()[pri:0, instance:tests.SignInTest@7c16905e]" name="shouldThrowAnErrorIfSignInDetailsAreMissing" duration-ms="16447" started-at="2019-07-06T23:27:35Z" finished-at="2019-07-06T23:27:52Z">
          <reporter-output>
          </reporter-output>
        </test-method> <!-- shouldThrowAnErrorIfSignInDetailsAreMissing -->
      </class> <!-- tests.SignInTest -->
    </test> <!-- Default test -->
  </suite> <!-- Default suite -->
</testng-results>
